2026-03-21 12:24:31 [INFO] Wallet created: c3be57ddf267d9b01b2495d5d9403bc3f08147e6
2026-03-21 12:24:31 [WARNING] Chain missing/corrupted — starting fresh
2026-03-21 12:24:31 [WARNING] UTXO missing — will rebuild
2026-03-21 12:24:31 [INFO] Rebuilding UTXO from chain...
2026-03-21 12:24:31 [INFO] UTXO rebuilt — 0 entries
2026-03-21 12:24:31 [INFO] P2P server listening on :5000
2026-03-21 12:24:31 [INFO] REST API listening on :8080
2026-03-21 12:24:58 [INFO] Block 1 mined | time=7.76s nonce=373312 reward=32.00000000
2026-03-21 12:25:23 [INFO] Block 2 mined | time=16.1s nonce=781214 reward=32.00000000
2026-03-21 12:27:07 [INFO] Wallet loaded: c3be57ddf267d9b01b2495d5d9403bc3f08147e6
2026-03-21 12:27:07 [INFO] Chain loaded — height 3
2026-03-21 12:27:07 [INFO] UTXO loaded — 0 entries
2026-03-21 12:27:07 [INFO] Rebuilding UTXO from chain...
2026-03-21 12:27:07 [INFO] UTXO rebuilt — 0 entries
2026-03-21 12:27:07 [INFO] P2P server listening on :5000
2026-03-21 12:27:07 [INFO] REST API listening on :8080
2026-03-21 12:27:43 [INFO] Wallet created: 4a5c850444ccb4ea5a2ed7b3a0ecd243db667d1f
2026-03-21 12:27:43 [WARNING] Chain missing/corrupted — starting fresh
2026-03-21 12:27:43 [INFO] UTXO loaded — 0 entries
2026-03-21 12:27:43 [INFO] Rebuilding UTXO from chain...
2026-03-21 12:27:43 [INFO] UTXO rebuilt — 0 entries
2026-03-21 12:27:43 [INFO] P2P server listening on :5000
2026-03-21 12:27:43 [INFO] REST API listening on :8080
2026-03-21 12:28:33 [INFO] Block 1 mined | time=48.16s nonce=2295560 reward=32.00000000
2026-03-21 12:29:50 [INFO] Wallet loaded: 4a5c850444ccb4ea5a2ed7b3a0ecd243db667d1f
2026-03-21 12:29:50 [WARNING] Chain missing/corrupted — starting fresh
2026-03-21 12:29:50 [WARNING] UTXO missing — will rebuild
2026-03-21 12:29:50 [INFO] Rebuilding UTXO from chain...
2026-03-21 12:29:50 [INFO] UTXO rebuilt — 0 entries
2026-03-21 12:29:50 [INFO] P2P server listening on :5000
2026-03-21 12:29:50 [INFO] REST API listening on :8080
2026-03-21 12:30:32 [INFO] Block 1 mined | time=34.72s nonce=1697325 reward=32.00000000
2026-03-21 12:30:43 [INFO] Peer connected: 111
2026-03-21 12:30:44 [DEBUG] p2p_send 111:5000 error: [Errno 7] No address associated with hostname
2026-03-21 12:30:44 [DEBUG] p2p_send 111:5000 error: [Errno 7] No address associated with hostname
2026-03-21 12:30:44 [DEBUG] p2p_send 111:5000 error: [Errno 7] No address associated with hostname
2026-03-21 12:30:55 [INFO] Wallet backed up
2026-03-21 12:32:31 [INFO] Block 2 mined | time=34.24s nonce=349173 reward=32.00000000
[2026-03-21 13:27:18] INFO  Loaded 1 peers
[2026-03-21 13:27:18] DEBUG  UTXO loaded: 2 entries
[2026-03-21 13:27:18] INFO  UTXO rebuilt: 2 entries
[2026-03-21 13:27:18] INFO  P2P listening on port 5000
[2026-03-21 13:27:18] INFO  REST API on http://localhost:8080
[2026-03-21 13:27:24] WARNING  Cannot mine: chain invalid
[2026-03-21 13:29:33] INFO  Loaded 1 peers
[2026-03-21 13:29:33] DEBUG  UTXO loaded: 2 entries
[2026-03-21 13:29:33] INFO  UTXO rebuilt: 2 entries
[2026-03-21 13:29:33] INFO  P2P listening on port 5000
[2026-03-21 13:29:33] INFO  REST API on http://localhost:8080
[2026-03-21 13:29:35] WARNING  Cannot mine: chain invalid
[2026-03-21 13:30:28] WARNING  Chain file missing - starting fresh
[2026-03-21 13:30:28] INFO  Loaded 1 peers
[2026-03-21 13:30:28] WARNING  UTXO missing - will rebuild
[2026-03-21 13:30:28] INFO  UTXO rebuilt: 0 entries
[2026-03-21 13:30:28] INFO  P2P listening on port 5000
[2026-03-21 13:30:28] INFO  REST API on http://localhost:8080
[2026-03-21 13:30:32] INFO  Mining block 1 difficulty=5...
[2026-03-21 13:30:33] INFO  Block 1 mined in 1.19s nonce=52429 reward=32.00000000 URN
[2026-03-21 13:30:35] INFO  Mining block 2 difficulty=5...
[2026-03-21 13:32:24] INFO  Block 2 mined in 108.53s nonce=4671363 reward=32.00000000 URN
[2026-03-21 13:33:05] INFO  Auto-miner started
[2026-03-21 13:33:05] INFO  Mining block 3 difficulty=5...
[2026-03-21 13:33:10] INFO  Block 3 mined in 4.55s nonce=202371 reward=32.00000000 URN
[2026-03-21 13:33:15] INFO  Mining block 4 difficulty=5...
[2026-03-21 13:33:40] INFO  Block 4 mined in 24.94s nonce=1114579 reward=32.00000000 URN
[2026-03-21 13:33:45] INFO  Mining block 5 difficulty=5...
[2026-03-21 13:33:51] INFO  Block 5 mined in 6.22s nonce=273197 reward=32.00000000 URN
[2026-03-21 13:33:56] INFO  Mining block 6 difficulty=5...
[2026-03-21 13:48:12] INFO  Loaded 1 peers
[2026-03-21 13:48:12] DEBUG  UTXO loaded: 5 entries
[2026-03-21 13:48:12] INFO  UTXO rebuilt: 5 entries
[2026-03-21 13:48:12] INFO  P2P listening on port 5000
[2026-03-21 13:48:12] INFO  REST API on http://localhost:8080
[2026-03-21 13:48:23] INFO  Auto-miner started
[2026-03-21 13:48:23] INFO  Mining block 6 difficulty=5...
[2026-03-21 13:48:37] INFO  Block 6 mined in 13.61s nonce=661390 reward=32.00000000 URN
[2026-03-21 13:52:59] INFO  Loaded 1 peers
[2026-03-21 13:52:59] DEBUG  UTXO loaded: 6 entries
[2026-03-21 13:52:59] INFO  UTXO rebuilt: 6 entries
[2026-03-21 13:52:59] INFO  P2P listening on port 5000
[2026-03-21 13:52:59] INFO  REST API on http://localhost:8080
[2026-03-21 13:53:06] INFO  Auto-miner started
[2026-03-21 13:53:06] INFO  Mining block 7 difficulty=5...
[2026-03-21 13:53:18] INFO  Block 7 mined in 12.4s nonce=605756 reward=32.00000000 URN
[2026-03-21 13:53:23] INFO  Mining block 8 difficulty=5...
[2026-03-21 13:54:05] INFO  Block 8 mined in 42.15s nonce=2059475 reward=32.00000000 URN
[2026-03-21 13:54:10] INFO  Mining block 9 difficulty=5...
[2026-03-21 13:55:31] INFO  Block 9 mined in 80.78s nonce=1116339 reward=32.00000000 URN
[2026-03-21 13:55:31] INFO  Difficulty down to 4
[2026-03-21 13:55:52] INFO  Auto-miner started
[2026-03-21 13:55:52] INFO  Mining block 10 difficulty=4...
[2026-03-21 13:55:53] INFO  Block 10 mined in 1.07s nonce=50536 reward=32.00000000 URN
[2026-03-21 13:55:58] INFO  Mining block 11 difficulty=4...
[2026-03-21 13:55:59] INFO  Block 11 mined in 1.43s nonce=66445 reward=32.00000000 URN
[2026-03-21 13:56:04] INFO  Mining block 12 difficulty=4...
[2026-03-21 13:56:54] INFO  Block 12 mined in 49.96s nonce=23518 reward=32.00000000 URN
[2026-03-21 13:58:43] INFO  Loaded 1 peers
[2026-03-21 13:58:43] DEBUG  UTXO loaded: 12 entries
[2026-03-21 13:58:43] INFO  UTXO rebuilt: 12 entries
[2026-03-21 13:58:43] INFO  P2P listening on port 5000
[2026-03-21 13:58:43] INFO  REST API on http://localhost:8080
[2026-03-21 13:58:46] INFO  Auto-miner started
[2026-03-21 13:58:46] INFO  Mining block 13 difficulty=5...
[2026-03-21 13:59:45] INFO  Block 13 mined in 59.26s nonce=2111091 reward=32.00000000 URN
[2026-03-21 14:01:32] INFO  Mining block 14 difficulty=5...
[2026-03-21 14:04:08] INFO  Loaded 1 peers
[2026-03-21 14:04:08] DEBUG  UTXO loaded: 13 entries
[2026-03-21 14:04:08] INFO  UTXO rebuilt: 13 entries
[2026-03-21 14:04:08] INFO  P2P listening on port 5000
[2026-03-21 14:04:08] INFO  REST API on http://localhost:8080
[2026-03-21 14:04:24] INFO  Auto-miner started
[2026-03-21 14:04:24] INFO  Mining block 14 difficulty=5...
[2026-03-21 14:04:36] INFO  Block 14 mined in 12.32s nonce=582579 reward=32.00000000 URN
[2026-03-21 14:05:30] INFO  Mining block 15 difficulty=5...
[2026-03-21 16:46:10] INFO  Loaded 1 peers
[2026-03-21 16:46:10] DEBUG  UTXO loaded: 14 entries
[2026-03-21 16:46:10] INFO  UTXO rebuilt: 14 entries
[2026-03-21 16:46:10] INFO  P2P listening on port 5000
[2026-03-21 16:46:10] INFO  REST API on http://localhost:8080
[2026-03-21 16:46:10] INFO  Connected to peer: bore.pub:37745
[2026-03-21 16:46:22] INFO  Mining block 15 difficulty=5...
[2026-03-21 16:46:43] INFO  Block 15 mined in 21.36s nonce=470019 reward=32.00000000 URN
[2026-03-21 16:52:02] INFO  Loaded 2 peers
[2026-03-21 16:52:02] DEBUG  UTXO loaded: 15 entries
[2026-03-21 16:52:02] INFO  UTXO rebuilt: 15 entries
[2026-03-21 16:52:02] INFO  P2P listening on port 5000
[2026-03-21 16:52:02] INFO  REST API on http://localhost:8080
[2026-03-21 17:24:06] INFO  Loaded 2 peers
[2026-03-21 17:24:06] DEBUG  UTXO loaded: 15 entries
[2026-03-21 17:24:06] INFO  UTXO rebuilt: 15 entries
[2026-03-21 17:24:06] INFO  P2P listening on port 5000
[2026-03-21 17:24:06] INFO  REST API on http://localhost:8080
[2026-03-21 17:24:06] INFO  Connected to peer: bore.pub:14772
[2026-03-21 17:24:13] INFO  Mining block 16 difficulty=5...
[2026-03-21 17:25:32] INFO  Block 16 mined in 79.34s nonce=1950230 reward=32.00000000 URN
[2026-03-21 17:28:25] INFO  Loaded 3 peers
[2026-03-21 17:28:25] DEBUG  UTXO loaded: 16 entries
[2026-03-21 17:28:25] INFO  UTXO rebuilt: 16 entries
[2026-03-21 17:28:25] INFO  P2P listening on port 5000
[2026-03-21 17:28:25] INFO  REST API on http://localhost:8080
[2026-03-21 17:28:25] INFO  Connected to peer: bore.pub:14772
[2026-03-21 17:53:28] INFO  Loaded 3 peers
[2026-03-21 17:53:28] DEBUG  UTXO loaded: 16 entries
[2026-03-21 17:53:28] INFO  UTXO rebuilt: 16 entries
[2026-03-21 17:53:28] INFO  P2P listening on port 5000
[2026-03-21 17:53:28] INFO  REST API on http://localhost:8080
[2026-03-21 17:53:28] INFO  Connected to peer: bore.pub:55100
[2026-03-21 18:02:53] INFO  Loaded 1 peers
[2026-03-21 18:02:53] DEBUG  UTXO loaded: 16 entries
[2026-03-21 18:02:53] INFO  UTXO rebuilt: 16 entries
[2026-03-21 18:02:53] INFO  P2P listening on port 5000
[2026-03-21 18:02:53] INFO  REST API on http://localhost:8080
[2026-03-21 18:02:53] INFO  Connected to peer: bore.pub:4388
[2026-03-21 18:05:52] INFO  Mining block 17 difficulty=5...
[2026-03-21 18:06:39] INFO  Block 17 mined in 47.4s nonce=2247311 reward=32.00000000 URN
[2026-03-21 18:08:49] INFO  Loaded 1 peers
[2026-03-21 18:08:49] DEBUG  UTXO loaded: 17 entries
[2026-03-21 18:08:49] INFO  UTXO rebuilt: 17 entries
[2026-03-21 18:08:49] INFO  P2P listening on port 5000
[2026-03-21 18:08:49] INFO  REST API on http://localhost:8080
[2026-03-21 18:08:49] INFO  Connected to peer: bore.pub:4388
[2026-03-21 18:11:01] INFO  Mining block 18 difficulty=5...
[2026-03-21 18:11:12] INFO  Block 18 mined in 10.28s nonce=450453 reward=32.00000000 URN
[2026-03-21 18:19:25] INFO  Wallet created: 91a16b28d6666e6381018b876801f59d86cc0a29
[2026-03-21 18:19:25] WARNING  Chain file missing - starting fresh
[2026-03-21 18:19:25] INFO  Loaded 1 peers
[2026-03-21 18:19:25] DEBUG  UTXO loaded: 18 entries
[2026-03-21 18:19:25] INFO  UTXO rebuilt: 0 entries
[2026-03-21 18:19:25] INFO  P2P listening on port 5000
[2026-03-21 18:19:25] INFO  REST API on http://localhost:8080
[2026-03-21 18:19:25] INFO  Connected to peer: bore.pub:4388
[2026-03-21 18:19:39] INFO  Mining block 1 difficulty=5...
[2026-03-21 18:20:49] INFO  Block 1 mined in 70.08s nonce=2724238 reward=32.00000000 URN
[2026-03-21 18:21:34] INFO  Mining block 2 difficulty=5...
[2026-03-21 18:21:59] INFO  Block 2 mined in 24.79s nonce=883287 reward=32.00000000 URN
[2026-03-21 18:22:48] INFO  Mining block 3 difficulty=5...
[2026-03-21 18:22:54] INFO  Block 3 mined in 6.35s nonce=227816 reward=32.00000000 URN
[2026-03-21 18:47:15] INFO  Loaded 2 peers
[2026-03-21 18:47:15] DEBUG  UTXO loaded: 3 entries
[2026-03-21 18:47:15] INFO  UTXO rebuilt: 3 entries
[2026-03-21 18:47:15] INFO  P2P listening on port 5000
[2026-03-21 18:47:15] INFO  REST API on http://localhost:8080
[2026-03-21 18:47:15] INFO  Connected to peer: bore.pub:4388
[2026-03-21 18:47:26] INFO  Mining block 4 difficulty=5...
[2026-03-21 18:47:47] INFO  Block 4 mined in 20.48s nonce=830035 reward=32.00000000 URN
[2026-03-21 18:52:40] WARNING  Chain file missing - starting fresh
[2026-03-21 18:52:40] INFO  Loaded 2 peers
[2026-03-21 18:52:40] DEBUG  UTXO loaded: 4 entries
[2026-03-21 18:52:40] INFO  UTXO rebuilt: 0 entries
[2026-03-21 18:52:40] INFO  P2P listening on port 5000
[2026-03-21 18:52:40] INFO  REST API on http://localhost:8080
[2026-03-21 18:52:40] INFO  Connected to peer: bore.pub:41804
[2026-03-21 18:53:30] INFO  Connected to peer: 10.22.84.173
[2026-03-21 18:53:37] INFO  Mining block 1 difficulty=5...
[2026-03-21 18:53:46] INFO  Block 1 mined in 9.61s nonce=308598 reward=32.00000000 URN
[2026-03-21 18:56:11] INFO  Block 2 accepted from 10.22.84.173
[2026-03-21 18:56:26] INFO  Mining block 3 difficulty=5...
[2026-03-21 18:56:33] INFO  Block 3 mined in 7.39s nonce=243560 reward=32.00000000 URN
[2026-03-21 19:03:43] WARNING  Chain file missing - starting fresh
[2026-03-21 19:03:43] INFO  Loaded 5 peers
[2026-03-21 19:03:43] WARNING  UTXO missing - will rebuild
[2026-03-21 19:03:43] INFO  UTXO rebuilt: 0 entries
[2026-03-21 19:03:43] INFO  P2P listening on port 5000
[2026-03-21 19:03:43] INFO  REST API on http://localhost:8080
[2026-03-21 19:03:43] INFO  Connected to peer: bore.pub:41804
[2026-03-21 19:04:37] INFO  Connected to peer: 10.22.84.173
[2026-03-21 19:05:59] INFO  Discovered peer: 192.0.0.4
[2026-03-21 19:06:42] INFO  Block 1 accepted from 10.22.84.173
[2026-03-21 19:07:05] INFO  Mining block 2 difficulty=5...
[2026-03-21 19:07:30] INFO  Block 2 mined in 24.77s nonce=708629 reward=32.00000000 URN
[2026-03-21 19:07:46] INFO  Mining block 3 difficulty=5...
[2026-03-21 19:09:00] INFO  Block 3 mined in 74.31s nonce=2667728 reward=32.00000000 URN
[2026-03-21 19:11:45] INFO  Mining block 4 difficulty=5...
[2026-03-21 19:12:26] INFO  Block 4 mined in 41.47s nonce=1658988 reward=32.00000000 URN
[2026-03-22 03:33:38] INFO  Loaded 7 peers
[2026-03-22 03:33:38] DEBUG  UTXO loaded: 4 entries
[2026-03-22 03:33:38] INFO  UTXO rebuilt: 4 entries
[2026-03-22 03:33:38] INFO  P2P listening on port 5000
[2026-03-22 03:33:38] INFO  REST API on http://localhost:8080
[2026-03-22 03:33:38] INFO  Connected to peer: bore.pub:41804
[2026-03-22 03:33:44] INFO  Mining block 5 difficulty=5...
[2026-03-22 03:35:26] INFO  Block 5 mined in 101.56s nonce=4915150 reward=32.00000000 URN
[2026-03-22 18:12:38] WARNING  Chain file missing - starting fresh
[2026-03-22 18:12:38] INFO  Loaded 7 peers
[2026-03-22 18:12:38] WARNING  UTXO missing - will rebuild
[2026-03-22 18:12:38] INFO  UTXO rebuilt: 0 entries
[2026-03-22 18:12:38] INFO  P2P listening on port 5000
[2026-03-22 18:12:38] INFO  REST API on http://localhost:8080
[2026-03-22 18:12:38] INFO  Connected to peer: bore.pub:41804
[2026-03-22 18:12:44] INFO  UTXO rebuilt: 0 entries
[2026-03-22 18:13:00] INFO  Mining block 1 difficulty=5...
[2026-03-22 18:13:10] INFO  Block 1 mined in 10.19s nonce=373443 reward=32.00000000 URN
[2026-03-22 18:14:05] INFO  Mining block 2 difficulty=5...
[2026-03-22 18:16:07] INFO  Block 2 mined in 121.71s nonce=2226531 reward=32.00000000 URN
[2026-03-22 18:16:18] INFO  Auto-miner started
[2026-03-22 18:16:18] INFO  Mining block 3 difficulty=5...
[2026-03-22 18:16:31] INFO  Block 3 mined in 12.7s nonce=464718 reward=32.00000000 URN
[2026-03-22 18:16:47] INFO  Mining block 4 difficulty=5...
[2026-03-22 18:17:43] INFO  Block 4 mined in 56.2s nonce=1271539 reward=32.00000000 URN
[2026-03-22 18:23:31] INFO  Mining block 5 difficulty=5...
[2026-03-22 18:24:18] INFO  Block 5 accepted from 10.22.84.173
[2026-03-22 18:24:21] INFO  Block 5 mined in 50.01s nonce=1823272 reward=32.00000000 URN
[2026-03-22 18:36:38] INFO  Loaded 7 peers
[2026-03-22 18:36:38] DEBUG  UTXO loaded: 6 entries
[2026-03-22 18:36:38] DEBUG  UTXO after block 0: 0 entries
[2026-03-22 18:36:38] DEBUG  UTXO after block 1: 1 entries
[2026-03-22 18:36:38] DEBUG  UTXO after block 2: 2 entries
[2026-03-22 18:36:38] DEBUG  UTXO after block 3: 3 entries
[2026-03-22 18:36:38] DEBUG  UTXO after block 4: 4 entries
[2026-03-22 18:36:38] DEBUG  UTXO after block 5: 5 entries
[2026-03-22 18:36:38] DEBUG  UTXO after block 5: 6 entries
[2026-03-22 18:36:38] INFO  UTXO rebuilt: 6 entries
[2026-03-22 18:36:38] INFO  P2P listening on port 5000
[2026-03-22 18:36:38] INFO  REST API on http://localhost:8080
[2026-03-22 18:36:38] INFO  Connected to peer: bore.pub:41804
[2026-03-22 18:36:44] DEBUG  UTXO after block 0: 0 entries
[2026-03-22 18:36:44] DEBUG  UTXO after block 1: 1 entries
[2026-03-22 18:36:44] DEBUG  UTXO after block 2: 2 entries
[2026-03-22 18:36:44] DEBUG  UTXO after block 3: 3 entries
[2026-03-22 18:36:44] DEBUG  UTXO after block 4: 4 entries
[2026-03-22 18:36:44] DEBUG  UTXO after block 5: 5 entries
[2026-03-22 18:36:44] DEBUG  UTXO after block 5: 6 entries
[2026-03-22 18:36:44] INFO  UTXO rebuilt: 6 entries
[2026-03-22 18:36:49] WARNING  Cannot mine: chain invalid
[2026-03-22 18:49:03] WARNING  Chain file missing - starting fresh
[2026-03-22 18:49:03] INFO  Loaded 7 peers
[2026-03-22 18:49:03] WARNING  UTXO missing - will rebuild
[2026-03-22 18:49:03] DEBUG  UTXO after block 0: 0 entries
[2026-03-22 18:49:03] INFO  UTXO rebuilt: 0 entries
[2026-03-22 18:49:03] INFO  P2P listening on port 5000
[2026-03-22 18:49:03] INFO  REST API on http://localhost:8080
[2026-03-22 18:49:03] INFO  Connected to peer: bore.pub:41804
[2026-03-22 18:49:08] DEBUG  UTXO after block 0: 0 entries
[2026-03-22 18:49:08] INFO  UTXO rebuilt: 0 entries
[2026-03-22 18:49:25] INFO  Mining block 1 difficulty=5...
[2026-03-22 18:50:13] INFO  Block 1 mined in 48.53s nonce=2175927 reward=32.00000000 URN
[2026-03-22 18:50:13] DEBUG  UTXO after block 1: 1 entries
[2026-03-22 18:50:18] INFO  Switching to longer chain remote=6
[2026-03-22 18:50:18] DEBUG  UTXO after block 0: 0 entries
[2026-03-22 18:50:18] DEBUG  UTXO after block 1: 1 entries
[2026-03-22 18:50:18] DEBUG  UTXO after block 2: 2 entries
[2026-03-22 18:50:18] DEBUG  UTXO after block 3: 3 entries
[2026-03-22 18:50:18] DEBUG  UTXO after block 4: 4 entries
[2026-03-22 18:50:18] DEBUG  UTXO after block 5: 5 entries
[2026-03-22 18:50:18] INFO  UTXO rebuilt: 5 entries
[2026-03-22 18:50:18] INFO  Chain synced from 10.22.84.173 height=6
